# JRE version: OpenJDK Runtime Environment Temurin-21.0.10+7 (21.0.10+7) (build 21.0.10+7-LTS)
# Java VM: OpenJDK 64-Bit Server VM Temurin-21.0.10+7 (21.0.10+7-LTS, mixed mode, sharing, tiered, compressed oops, compressed class ptrs, parallel gc, windows-amd64)
GC Precious Log:
 CardTable entry size: 512
 CPUs: 12 total, 12 available
 Memory: 7501M
 Large Page Support: Disabled
 NUMA Support: Disabled
 Compressed Oops: Enabled (32-bit)
 Alignments: Space 512K, Generation 512K, Heap 2M
 Heap Min Capacity: 100M
 Heap Initial Capacity: 100M
 Heap Max Capacity: 2G
 Pre-touch: Disabled
 Parallel Workers: 10
Heap:
 PSYoungGen      total 12800K, used 8623K [0x00000000d5580000, 0x00000000d6300000, 0x0000000100000000)
  eden space 12288K, 66% used [0x00000000d5580000,0x00000000d5d87ac0,0x00000000d6180000)
  from space 512K, 78% used [0x00000000d6280000,0x00000000d62e4210,0x00000000d6300000)
  to   space 512K, 0% used [0x00000000d6200000,0x00000000d6200000,0x00000000d6280000)
 ParOldGen       total 71680K, used 71117K [0x0000000080000000, 0x0000000084600000, 0x00000000d5580000)
  object space 71680K, 99% used [0x0000000080000000,0x00000000845737f0,0x0000000084600000)
 Metaspace       used 61297K, committed 62720K, reserved 1114112K
  class space    used 6486K, committed 7104K, reserved 1048576K
GC Heap History (20 events):
Event: 38.677 GC heap before
{Heap before GC invocations=80 (full 3):
 PSYoungGen      total 12800K, used 12608K [0x00000000d5580000, 0x00000000d6300000, 0x0000000100000000)
  eden space 12288K, 100% used [0x00000000d5580000,0x00000000d6180000,0x00000000d6180000)
  from space 512K, 62% used [0x00000000d6280000,0x00000000d62d0000,0x00000000d6300000)
  to   space 512K, 0% used [0x00000000d6200000,0x00000000d6200000,0x00000000d6280000)
 ParOldGen       total 68608K, used 67380K [0x0000000080000000, 0x0000000084300000, 0x00000000d5580000)
  object space 68608K, 98% used [0x0000000080000000,0x00000000841cd120,0x0000000084300000)
 Metaspace       used 61217K, committed 62656K, reserved 1114112K
  class space    used 6485K, committed 7104K, reserved 1048576K
}
Event: 38.679 GC heap after
{Heap after GC invocations=80 (full 3):
 PSYoungGen      total 12800K, used 448K [0x00000000d5580000, 0x00000000d6300000, 0x0000000100000000)
  eden space 12288K, 0% used [0x00000000d5580000,0x00000000d5580000,0x00000000d6180000)
  from space 512K, 87% used [0x00000000d6200000,0x00000000d6270000,0x00000000d6280000)
  to   space 512K, 0% used [0x00000000d6280000,0x00000000d6280000,0x00000000d6300000)
 ParOldGen       total 68608K, used 67636K [0x0000000080000000, 0x0000000084300000, 0x00000000d5580000)
  object space 68608K, 98% used [0x0000000080000000,0x000000008420d120,0x0000000084300000)
 Metaspace       used 61217K, committed 62656K, reserved 1114112K
  class space    used 6485K, committed 7104K, reserved 1048576K
}
Event: 38.715 GC heap before
{Heap before GC invocations=81 (full 3):
 PSYoungGen      total 12800K, used 12736K [0x00000000d5580000, 0x00000000d6300000, 0x0000000100000000)
  eden space 12288K, 100% used [0x00000000d5580000,0x00000000d6180000,0x00000000d6180000)
  from space 512K, 87% used [0x00000000d6200000,0x00000000d6270000,0x00000000d6280000)
  to   space 512K, 0% used [0x00000000d6280000,0x00000000d6280000,0x00000000d6300000)
 ParOldGen       total 68608K, used 67636K [0x0000000080000000, 0x0000000084300000, 0x00000000d5580000)
  object space 68608K, 98% used [0x0000000080000000,0x000000008420d120,0x0000000084300000)
 Metaspace       used 61222K, committed 62656K, reserved 1114112K
  class space    used 6485K, committed 7104K, reserved 1048576K
}
Event: 38.717 GC heap after
{Heap after GC invocations=81 (full 3):
 PSYoungGen      total 12800K, used 480K [0x00000000d5580000, 0x00000000d6300000, 0x0000000100000000)
  eden space 12288K, 0% used [0x00000000d5580000,0x00000000d5580000,0x00000000d6180000)
  from space 512K, 93% used [0x00000000d6280000,0x00000000d62f8000,0x00000000d6300000)
  to   space 512K, 0% used [0x00000000d6200000,0x00000000d6200000,0x00000000d6280000)
 ParOldGen       total 68608K, used 67892K [0x0000000080000000, 0x0000000084300000, 0x00000000d5580000)
  object space 68608K, 98% used [0x0000000080000000,0x000000008424d120,0x0000000084300000)
 Metaspace       used 61222K, committed 62656K, reserved 1114112K
  class space    used 6485K, committed 7104K, reserved 1048576K
}
Event: 38.745 GC heap before
{Heap before GC invocations=82 (full 3):
 PSYoungGen      total 12800K, used 12768K [0x00000000d5580000, 0x00000000d6300000, 0x0000000100000000)
  eden space 12288K, 100% used [0x00000000d5580000,0x00000000d6180000,0x00000000d6180000)
  from space 512K, 93% used [0x00000000d6280000,0x00000000d62f8000,0x00000000d6300000)
  to   space 512K, 0% used [0x00000000d6200000,0x00000000d6200000,0x00000000d6280000)
 ParOldGen       total 68608K, used 67892K [0x0000000080000000, 0x0000000084300000, 0x00000000d5580000)
  object space 68608K, 98% used [0x0000000080000000,0x000000008424d120,0x0000000084300000)
 Metaspace       used 61222K, committed 62656K, reserved 1114112K
  class space    used 6485K, committed 7104K, reserved 1048576K
}
Event: 38.747 GC heap after
{Heap after GC invocations=82 (full 3):
 PSYoungGen      total 12800K, used 495K [0x00000000d5580000, 0x00000000d6380000, 0x0000000100000000)
  eden space 12288K, 0% used [0x00000000d5580000,0x00000000d5580000,0x00000000d6180000)
  from space 512K, 96% used [0x00000000d6200000,0x00000000d627bcc8,0x00000000d6280000)
  to   space 1024K, 0% used [0x00000000d6280000,0x00000000d6280000,0x00000000d6380000)
 ParOldGen       total 68608K, used 68210K [0x0000000080000000, 0x0000000084300000, 0x00000000d5580000)
  object space 68608K, 99% used [0x0000000080000000,0x000000008429c9c0,0x0000000084300000)
 Metaspace       used 61222K, committed 62656K, reserved 1114112K
  class space    used 6485K, committed 7104K, reserved 1048576K
}
Event: 38.780 GC heap before
{Heap before GC invocations=83 (full 3):
 PSYoungGen      total 12800K, used 12783K [0x00000000d5580000, 0x00000000d6380000, 0x0000000100000000)
  eden space 12288K, 100% used [0x00000000d5580000,0x00000000d6180000,0x00000000d6180000)
  from space 512K, 96% used [0x00000000d6200000,0x00000000d627bcc8,0x00000000d6280000)
  to   space 1024K, 0% used [0x00000000d6280000,0x00000000d6280000,0x00000000d6380000)
 ParOldGen       total 68608K, used 68210K [0x0000000080000000, 0x0000000084300000, 0x00000000d5580000)
  object space 68608K, 99% used [0x0000000080000000,0x000000008429c9c0,0x0000000084300000)
 Metaspace       used 61234K, committed 62656K, reserved 1114112K
  class space    used 6485K, committed 7104K, reserved 1048576K
}
Event: 38.782 GC heap after
{Heap after GC invocations=83 (full 3):
 PSYoungGen      total 13312K, used 448K [0x00000000d5580000, 0x00000000d6380000, 0x0000000100000000)
  eden space 12288K, 0% used [0x00000000d5580000,0x00000000d5580000,0x00000000d6180000)
  from space 1024K, 43% used [0x00000000d6280000,0x00000000d62f0000,0x00000000d6380000)
  to   space 1024K, 0% used [0x00000000d6180000,0x00000000d6180000,0x00000000d6280000)
 ParOldGen       total 69120K, used 68659K [0x0000000080000000, 0x0000000084380000, 0x00000000d5580000)
  object space 69120K, 99% used [0x0000000080000000,0x000000008430cea0,0x0000000084380000)
 Metaspace       used 61234K, committed 62656K, reserved 1114112K
  class space    used 6485K, committed 7104K, reserved 1048576K
}
Event: 38.822 GC heap before
{Heap before GC invocations=84 (full 3):
 PSYoungGen      total 13312K, used 12736K [0x00000000d5580000, 0x00000000d6380000, 0x0000000100000000)
  eden space 12288K, 100% used [0x00000000d5580000,0x00000000d6180000,0x00000000d6180000)
  from space 1024K, 43% used [0x00000000d6280000,0x00000000d62f0000,0x00000000d6380000)
  to   space 1024K, 0% used [0x00000000d6180000,0x00000000d6180000,0x00000000d6280000)
 ParOldGen       total 69120K, used 68659K [0x0000000080000000, 0x0000000084380000, 0x00000000d5580000)
  object space 69120K, 99% used [0x0000000080000000,0x000000008430cea0,0x0000000084380000)
 Metaspace       used 61237K, committed 62656K, reserved 1114112K
  class space    used 6485K, committed 7104K, reserved 1048576K
}
Event: 38.825 GC heap after
{Heap after GC invocations=84 (full 3):
 PSYoungGen      total 13312K, used 384K [0x00000000d5580000, 0x00000000d6300000, 0x0000000100000000)
  eden space 12288K, 0% used [0x00000000d5580000,0x00000000d5580000,0x00000000d6180000)
  from space 1024K, 37% used [0x00000000d6180000,0x00000000d61e0000,0x00000000d6280000)
  to   space 512K, 0% used [0x00000000d6280000,0x00000000d6280000,0x00000000d6300000)
 ParOldGen       total 69120K, used 68899K [0x0000000080000000, 0x0000000084380000, 0x00000000d5580000)
  object space 69120K, 99% used [0x0000000080000000,0x0000000084348ea0,0x0000000084380000)
 Metaspace       used 61237K, committed 62656K, reserved 1114112K
  class space    used 6485K, committed 7104K, reserved 1048576K
}
Event: 38.867 GC heap before
{Heap before GC invocations=85 (full 3):
 PSYoungGen      total 13312K, used 12672K [0x00000000d5580000, 0x00000000d6300000, 0x0000000100000000)
  eden space 12288K, 100% used [0x00000000d5580000,0x00000000d6180000,0x00000000d6180000)
  from space 1024K, 37% used [0x00000000d6180000,0x00000000d61e0000,0x00000000d6280000)
  to   space 512K, 0% used [0x00000000d6280000,0x00000000d6280000,0x00000000d6300000)
 ParOldGen       total 69120K, used 68899K [0x0000000080000000, 0x0000000084380000, 0x00000000d5580000)
  object space 69120K, 99% used [0x0000000080000000,0x0000000084348ea0,0x0000000084380000)
 Metaspace       used 61238K, committed 62656K, reserved 1114112K
  class space    used 6485K, committed 7104K, reserved 1048576K
}
Event: 38.868 GC heap after
{Heap after GC invocations=85 (full 3):
 PSYoungGen      total 12800K, used 480K [0x00000000d5580000, 0x00000000d6300000, 0x0000000100000000)
  eden space 12288K, 0% used [0x00000000d5580000,0x00000000d5580000,0x00000000d6180000)
  from space 512K, 93% used [0x00000000d6280000,0x00000000d62f8000,0x00000000d6300000)
  to   space 512K, 0% used [0x00000000d6200000,0x00000000d6200000,0x00000000d6280000)
 ParOldGen       total 69632K, used 69124K [0x0000000080000000, 0x0000000084400000, 0x00000000d5580000)
  object space 69632K, 99% used [0x0000000080000000,0x0000000084381040,0x0000000084400000)
 Metaspace       used 61238K, committed 62656K, reserved 1114112K
  class space    used 6485K, committed 7104K, reserved 1048576K
}
Event: 38.899 GC heap before
{Heap before GC invocations=86 (full 3):
 PSYoungGen      total 12800K, used 12768K [0x00000000d5580000, 0x00000000d6300000, 0x0000000100000000)
  eden space 12288K, 100% used [0x00000000d5580000,0x00000000d6180000,0x00000000d6180000)
  from space 512K, 93% used [0x00000000d6280000,0x00000000d62f8000,0x00000000d6300000)
  to   space 512K, 0% used [0x00000000d6200000,0x00000000d6200000,0x00000000d6280000)
 ParOldGen       total 69632K, used 69124K [0x0000000080000000, 0x0000000084400000, 0x00000000d5580000)
  object space 69632K, 99% used [0x0000000080000000,0x0000000084381040,0x0000000084400000)
 Metaspace       used 61240K, committed 62656K, reserved 1114112K
  class space    used 6485K, committed 7104K, reserved 1048576K
}
Event: 38.901 GC heap after
{Heap after GC invocations=86 (full 3):
 PSYoungGen      total 12800K, used 480K [0x00000000d5580000, 0x00000000d6300000, 0x0000000100000000)
  eden space 12288K, 0% used [0x00000000d5580000,0x00000000d5580000,0x00000000d6180000)
  from space 512K, 93% used [0x00000000d6200000,0x00000000d6278000,0x00000000d6280000)
  to   space 512K, 0% used [0x00000000d6280000,0x00000000d6280000,0x00000000d6300000)
 ParOldGen       total 69632K, used 69374K [0x0000000080000000, 0x0000000084400000, 0x00000000d5580000)
  object space 69632K, 99% used [0x0000000080000000,0x00000000843bf8d8,0x0000000084400000)
 Metaspace       used 61240K, committed 62656K, reserved 1114112K
  class space    used 6485K, committed 7104K, reserved 1048576K
}
Event: 38.948 GC heap before
{Heap before GC invocations=87 (full 3):
 PSYoungGen      total 12800K, used 12768K [0x00000000d5580000, 0x00000000d6300000, 0x0000000100000000)
  eden space 12288K, 100% used [0x00000000d5580000,0x00000000d6180000,0x00000000d6180000)
  from space 512K, 93% used [0x00000000d6200000,0x00000000d6278000,0x00000000d6280000)
  to   space 512K, 0% used [0x00000000d6280000,0x00000000d6280000,0x00000000d6300000)
 ParOldGen       total 69632K, used 69374K [0x0000000080000000, 0x0000000084400000, 0x00000000d5580000)
  object space 69632K, 99% used [0x0000000080000000,0x00000000843bf8d8,0x0000000084400000)
 Metaspace       used 61247K, committed 62720K, reserved 1114112K
  class space    used 6485K, committed 7104K, reserved 1048576K
}
Event: 38.949 GC heap after
{Heap after GC invocations=87 (full 3):
 PSYoungGen      total 12800K, used 512K [0x00000000d5580000, 0x00000000d6380000, 0x0000000100000000)
  eden space 12288K, 0% used [0x00000000d5580000,0x00000000d5580000,0x00000000d6180000)
  from space 512K, 100% used [0x00000000d6280000,0x00000000d6300000,0x00000000d6300000)
  to   space 1024K, 0% used [0x00000000d6180000,0x00000000d6180000,0x00000000d6280000)
 ParOldGen       total 70144K, used 69710K [0x0000000080000000, 0x0000000084480000, 0x00000000d5580000)
  object space 70144K, 99% used [0x0000000080000000,0x00000000844138d8,0x0000000084480000)
 Metaspace       used 61247K, committed 62720K, reserved 1114112K
  class space    used 6485K, committed 7104K, reserved 1048576K
}
Event: 39.376 GC heap before
{Heap before GC invocations=88 (full 3):
 PSYoungGen      total 12800K, used 12800K [0x00000000d5580000, 0x00000000d6380000, 0x0000000100000000)
  eden space 12288K, 100% used [0x00000000d5580000,0x00000000d6180000,0x00000000d6180000)
  from space 512K, 100% used [0x00000000d6280000,0x00000000d6300000,0x00000000d6300000)
  to   space 1024K, 0% used [0x00000000d6180000,0x00000000d6180000,0x00000000d6280000)
 ParOldGen       total 70144K, used 69710K [0x0000000080000000, 0x0000000084480000, 0x00000000d5580000)
  object space 70144K, 99% used [0x0000000080000000,0x00000000844138d8,0x0000000084480000)
 Metaspace       used 61259K, committed 62720K, reserved 1114112K
  class space    used 6485K, committed 7104K, reserved 1048576K
}
Event: 39.379 GC heap after
{Heap after GC invocations=88 (full 3):
 PSYoungGen      total 13312K, used 463K [0x00000000d5580000, 0x00000000d6300000, 0x0000000100000000)
  eden space 12288K, 0% used [0x00000000d5580000,0x00000000d5580000,0x00000000d6180000)
  from space 1024K, 45% used [0x00000000d6180000,0x00000000d61f3e10,0x00000000d6280000)
  to   space 512K, 0% used [0x00000000d6280000,0x00000000d6280000,0x00000000d6300000)
 ParOldGen       total 70144K, used 70030K [0x0000000080000000, 0x0000000084480000, 0x00000000d5580000)
  object space 70144K, 99% used [0x0000000080000000,0x00000000844638d8,0x0000000084480000)
 Metaspace       used 61259K, committed 62720K, reserved 1114112K
  class space    used 6485K, committed 7104K, reserved 1048576K
}
Event: 39.745 GC heap before
{Heap before GC invocations=89 (full 3):
 PSYoungGen      total 13312K, used 12751K [0x00000000d5580000, 0x00000000d6300000, 0x0000000100000000)
  eden space 12288K, 100% used [0x00000000d5580000,0x00000000d6180000,0x00000000d6180000)
  from space 1024K, 45% used [0x00000000d6180000,0x00000000d61f3e10,0x00000000d6280000)
  to   space 512K, 0% used [0x00000000d6280000,0x00000000d6280000,0x00000000d6300000)
 ParOldGen       total 70144K, used 70030K [0x0000000080000000, 0x0000000084480000, 0x00000000d5580000)
  object space 70144K, 99% used [0x0000000080000000,0x00000000844638d8,0x0000000084480000)
 Metaspace       used 61266K, committed 62720K, reserved 1114112K
  class space    used 6485K, committed 7104K, reserved 1048576K
}
Event: 39.748 GC heap after
{Heap after GC invocations=89 (full 3):
 PSYoungGen      total 12800K, used 400K [0x00000000d5580000, 0x00000000d6300000, 0x0000000100000000)
  eden space 12288K, 0% used [0x00000000d5580000,0x00000000d5580000,0x00000000d6180000)
  from space 512K, 78% used [0x00000000d6280000,0x00000000d62e4210,0x00000000d6300000)
  to   space 512K, 0% used [0x00000000d6200000,0x00000000d6200000,0x00000000d6280000)
 ParOldGen       total 71680K, used 71117K [0x0000000080000000, 0x0000000084600000, 0x00000000d5580000)
  object space 71680K, 99% used [0x0000000080000000,0x00000000845737f0,0x0000000084600000)
 Metaspace       used 61266K, committed 62720K, reserved 1114112K
  class space    used 6485K, committed 7104K, reserved 1048576K
}

